<?xml version="1.0" encoding="UTF-8"?>
<testng-results skipped="0" failed="0" total="1" passed="1">
  <reporter-output>
  </reporter-output>
  <suite name="Default suite" duration-ms="29924" started-at="2018-02-22T18:23:45Z" finished-at="2018-02-22T18:24:15Z">
    <groups>
    </groups>
    <test name="Default test" duration-ms="29924" started-at="2018-02-22T18:23:45Z" finished-at="2018-02-22T18:24:15Z">
      <class name="PracticeJava.rough">
        <test-method status="PASS" signature="test()[pri:0, instance:PracticeJava.rough@55f3ddb1]" name="test" duration-ms="29892" started-at="2018-02-22T23:53:45Z" finished-at="2018-02-22T23:54:15Z">
          <reporter-output>
          </reporter-output>
        </test-method> <!-- test -->
      </class> <!-- PracticeJava.rough -->
    </test> <!-- Default test -->
  </suite> <!-- Default suite -->
</testng-results>
